mode: set
github.com/openshift/oadp-operator/controllers/velero.go:55.89,57.68 2 0
github.com/openshift/oadp-operator/controllers/velero.go:60.2,66.87 2 0
github.com/openshift/oadp-operator/controllers/velero.go:79.2,79.16 1 0
github.com/openshift/oadp-operator/controllers/velero.go:85.2,85.96 1 0
github.com/openshift/oadp-operator/controllers/velero.go:93.2,93.18 1 0
github.com/openshift/oadp-operator/controllers/velero.go:57.68,59.3 1 0
github.com/openshift/oadp-operator/controllers/velero.go:66.87,69.17 2 0
github.com/openshift/oadp-operator/controllers/velero.go:74.3,76.13 3 0
github.com/openshift/oadp-operator/controllers/velero.go:69.17,71.4 1 0
github.com/openshift/oadp-operator/controllers/velero.go:79.16,81.3 1 0
github.com/openshift/oadp-operator/controllers/velero.go:85.96,92.3 1 0
github.com/openshift/oadp-operator/controllers/velero.go:97.79,99.68 2 0
github.com/openshift/oadp-operator/controllers/velero.go:104.2,104.84 1 0
github.com/openshift/oadp-operator/controllers/velero.go:111.2,111.18 1 0
github.com/openshift/oadp-operator/controllers/velero.go:99.68,101.3 1 0
github.com/openshift/oadp-operator/controllers/velero.go:104.84,106.17 2 0
github.com/openshift/oadp-operator/controllers/velero.go:106.17,108.4 1 0
github.com/openshift/oadp-operator/controllers/velero.go:114.69,117.62 2 0
github.com/openshift/oadp-operator/controllers/velero.go:151.2,151.12 1 0
github.com/openshift/oadp-operator/controllers/velero.go:117.62,120.108 3 0
github.com/openshift/oadp-operator/controllers/velero.go:124.3,127.107 2 0
github.com/openshift/oadp-operator/controllers/velero.go:120.108,122.4 1 0
github.com/openshift/oadp-operator/controllers/velero.go:127.107,128.30 1 0
github.com/openshift/oadp-operator/controllers/velero.go:128.30,131.58 2 0
github.com/openshift/oadp-operator/controllers/velero.go:131.58,133.6 1 0
github.com/openshift/oadp-operator/controllers/velero.go:134.10,137.5 1 0
github.com/openshift/oadp-operator/controllers/velero.go:138.9,140.51 1 0
github.com/openshift/oadp-operator/controllers/velero.go:140.51,144.63 3 0
github.com/openshift/oadp-operator/controllers/velero.go:144.63,146.6 1 0
github.com/openshift/oadp-operator/controllers/velero.go:154.93,156.68 2 0
github.com/openshift/oadp-operator/controllers/velero.go:159.2,160.16 2 0
github.com/openshift/oadp-operator/controllers/velero.go:163.2,163.88 1 0
github.com/openshift/oadp-operator/controllers/velero.go:177.2,177.16 1 0
github.com/openshift/oadp-operator/controllers/velero.go:183.2,183.96 1 0
github.com/openshift/oadp-operator/controllers/velero.go:191.2,191.18 1 0
github.com/openshift/oadp-operator/controllers/velero.go:156.68,158.3 1 0
github.com/openshift/oadp-operator/controllers/velero.go:160.16,162.3 1 0
github.com/openshift/oadp-operator/controllers/velero.go:163.88,175.3 3 0
github.com/openshift/oadp-operator/controllers/velero.go:177.16,179.3 1 0
github.com/openshift/oadp-operator/controllers/velero.go:183.96,190.3 1 0
github.com/openshift/oadp-operator/controllers/velero.go:194.100,196.68 2 0
github.com/openshift/oadp-operator/controllers/velero.go:199.2,204.54 3 0
github.com/openshift/oadp-operator/controllers/velero.go:208.2,213.88 2 0
github.com/openshift/oadp-operator/controllers/velero.go:225.2,225.16 1 0
github.com/openshift/oadp-operator/controllers/velero.go:231.2,231.96 1 0
github.com/openshift/oadp-operator/controllers/velero.go:239.2,239.18 1 0
github.com/openshift/oadp-operator/controllers/velero.go:196.68,198.3 1 0
github.com/openshift/oadp-operator/controllers/velero.go:204.54,206.3 1 0
github.com/openshift/oadp-operator/controllers/velero.go:213.88,223.3 1 0
github.com/openshift/oadp-operator/controllers/velero.go:225.16,227.3 1 0
github.com/openshift/oadp-operator/controllers/velero.go:231.96,238.3 1 0
github.com/openshift/oadp-operator/controllers/velero.go:242.85,244.68 2 0
github.com/openshift/oadp-operator/controllers/velero.go:248.2,255.95 2 0
github.com/openshift/oadp-operator/controllers/velero.go:276.2,276.16 1 0
github.com/openshift/oadp-operator/controllers/velero.go:282.2,282.96 1 0
github.com/openshift/oadp-operator/controllers/velero.go:290.2,290.18 1 0
github.com/openshift/oadp-operator/controllers/velero.go:244.68,246.3 1 0
github.com/openshift/oadp-operator/controllers/velero.go:255.95,258.61 1 0
github.com/openshift/oadp-operator/controllers/velero.go:267.3,268.17 2 0
github.com/openshift/oadp-operator/controllers/velero.go:273.3,273.60 1 0
github.com/openshift/oadp-operator/controllers/velero.go:258.61,264.4 1 0
github.com/openshift/oadp-operator/controllers/velero.go:268.17,270.4 1 0
github.com/openshift/oadp-operator/controllers/velero.go:276.16,278.3 1 0
github.com/openshift/oadp-operator/controllers/velero.go:282.96,289.3 1 0
github.com/openshift/oadp-operator/controllers/velero.go:293.110,298.2 4 0
github.com/openshift/oadp-operator/controllers/velero.go:300.118,304.2 3 0
github.com/openshift/oadp-operator/controllers/velero.go:306.169,350.2 21 0
github.com/openshift/oadp-operator/controllers/velero.go:353.122,355.19 1 1
github.com/openshift/oadp-operator/controllers/velero.go:358.2,358.29 1 1
github.com/openshift/oadp-operator/controllers/velero.go:363.2,462.16 8 1
github.com/openshift/oadp-operator/controllers/velero.go:466.2,466.12 1 1
github.com/openshift/oadp-operator/controllers/velero.go:355.19,357.3 1 1
github.com/openshift/oadp-operator/controllers/velero.go:358.29,360.3 1 1
github.com/openshift/oadp-operator/controllers/velero.go:462.16,464.3 1 0
github.com/openshift/oadp-operator/controllers/velero.go:469.155,490.58 2 1
github.com/openshift/oadp-operator/controllers/velero.go:508.2,508.45 1 1
github.com/openshift/oadp-operator/controllers/velero.go:513.2,514.40 2 1
github.com/openshift/oadp-operator/controllers/velero.go:517.2,518.18 2 1
github.com/openshift/oadp-operator/controllers/velero.go:490.58,491.46 1 1
github.com/openshift/oadp-operator/controllers/velero.go:491.46,494.63 2 0
github.com/openshift/oadp-operator/controllers/velero.go:500.4,500.28 1 0
github.com/openshift/oadp-operator/controllers/velero.go:503.4,503.9 1 0
github.com/openshift/oadp-operator/controllers/velero.go:494.63,495.44 1 0
github.com/openshift/oadp-operator/controllers/velero.go:495.44,497.11 2 0
github.com/openshift/oadp-operator/controllers/velero.go:500.28,502.5 1 0
github.com/openshift/oadp-operator/controllers/velero.go:508.45,510.3 1 0
github.com/openshift/oadp-operator/controllers/velero.go:514.40,516.3 1 0
github.com/openshift/oadp-operator/controllers/velero.go:521.30,523.2 1 1
github.com/openshift/oadp-operator/controllers/velero.go:525.88,533.2 2 1
github.com/openshift/oadp-operator/controllers/velero.go:536.107,550.19 2 1
github.com/openshift/oadp-operator/controllers/velero.go:565.2,565.22 1 1
github.com/openshift/oadp-operator/controllers/velero.go:550.19,553.60 1 1
github.com/openshift/oadp-operator/controllers/velero.go:558.3,558.58 1 1
github.com/openshift/oadp-operator/controllers/velero.go:553.60,556.4 2 1
github.com/openshift/oadp-operator/controllers/velero.go:558.58,561.4 2 1
github.com/openshift/oadp-operator/controllers/velero_controller.go:71.98,80.64 7 0
github.com/openshift/oadp-operator/controllers/velero_controller.go:84.2,99.16 2 0
github.com/openshift/oadp-operator/controllers/velero_controller.go:118.2,119.16 2 0
github.com/openshift/oadp-operator/controllers/velero_controller.go:123.2,123.27 1 0
github.com/openshift/oadp-operator/controllers/velero_controller.go:80.64,83.3 2 0
github.com/openshift/oadp-operator/controllers/velero_controller.go:99.16,108.3 1 0
github.com/openshift/oadp-operator/controllers/velero_controller.go:108.8,117.3 1 0
github.com/openshift/oadp-operator/controllers/velero_controller.go:119.16,121.3 1 0
github.com/openshift/oadp-operator/controllers/velero_controller.go:127.69,142.2 1 0
github.com/openshift/oadp-operator/controllers/velero_controller.go:148.83,149.35 1 0
github.com/openshift/oadp-operator/controllers/velero_controller.go:154.2,154.18 1 0
github.com/openshift/oadp-operator/controllers/velero_controller.go:149.35,150.45 1 0
github.com/openshift/oadp-operator/controllers/velero_controller.go:150.45,152.4 1 0
github.com/openshift/oadp-operator/controllers/vsl.go:13.91,15.68 2 0
github.com/openshift/oadp-operator/controllers/vsl.go:20.2,20.18 1 0
github.com/openshift/oadp-operator/controllers/vsl.go:15.68,17.3 1 0
github.com/openshift/oadp-operator/controllers/vsl.go:23.92,25.68 2 0
github.com/openshift/oadp-operator/controllers/vsl.go:30.2,30.62 1 0
github.com/openshift/oadp-operator/controllers/vsl.go:70.2,70.18 1 0
github.com/openshift/oadp-operator/controllers/vsl.go:25.68,27.3 1 0
github.com/openshift/oadp-operator/controllers/vsl.go:30.62,42.84 2 0
github.com/openshift/oadp-operator/controllers/vsl.go:57.3,57.17 1 0
github.com/openshift/oadp-operator/controllers/vsl.go:60.3,60.97 1 0
github.com/openshift/oadp-operator/controllers/vsl.go:42.84,49.18 2 0
github.com/openshift/oadp-operator/controllers/vsl.go:54.4,55.14 2 0
github.com/openshift/oadp-operator/controllers/vsl.go:49.18,51.5 1 0
github.com/openshift/oadp-operator/controllers/vsl.go:57.17,59.4 1 0
github.com/openshift/oadp-operator/controllers/vsl.go:60.97,67.4 1 0
github.com/openshift/oadp-operator/controllers/bsl.go:15.90,17.68 2 1
github.com/openshift/oadp-operator/controllers/bsl.go:21.2,21.73 1 1
github.com/openshift/oadp-operator/controllers/bsl.go:26.2,26.61 1 1
github.com/openshift/oadp-operator/controllers/bsl.go:57.2,57.18 1 1
github.com/openshift/oadp-operator/controllers/bsl.go:17.68,19.3 1 0
github.com/openshift/oadp-operator/controllers/bsl.go:21.73,23.3 1 1
github.com/openshift/oadp-operator/controllers/bsl.go:26.61,28.25 2 1
github.com/openshift/oadp-operator/controllers/bsl.go:33.3,33.19 1 1
github.com/openshift/oadp-operator/controllers/bsl.go:28.25,30.4 1 1
github.com/openshift/oadp-operator/controllers/bsl.go:34.37,36.18 2 1
github.com/openshift/oadp-operator/controllers/bsl.go:39.41,41.18 2 1
github.com/openshift/oadp-operator/controllers/bsl.go:44.37,46.18 2 1
github.com/openshift/oadp-operator/controllers/bsl.go:50.11,51.98 1 1
github.com/openshift/oadp-operator/controllers/bsl.go:36.18,38.5 1 1
github.com/openshift/oadp-operator/controllers/bsl.go:41.18,43.5 1 1
github.com/openshift/oadp-operator/controllers/bsl.go:46.18,48.5 1 1
github.com/openshift/oadp-operator/controllers/bsl.go:60.91,62.68 2 0
github.com/openshift/oadp-operator/controllers/bsl.go:66.2,66.61 1 0
github.com/openshift/oadp-operator/controllers/bsl.go:101.2,101.18 1 0
github.com/openshift/oadp-operator/controllers/bsl.go:62.68,64.3 1 0
github.com/openshift/oadp-operator/controllers/bsl.go:66.61,78.84 2 0
github.com/openshift/oadp-operator/controllers/bsl.go:89.3,89.17 1 0
github.com/openshift/oadp-operator/controllers/bsl.go:92.3,92.97 1 0
github.com/openshift/oadp-operator/controllers/bsl.go:78.84,88.4 2 0
github.com/openshift/oadp-operator/controllers/bsl.go:89.17,91.4 1 0
github.com/openshift/oadp-operator/controllers/bsl.go:92.97,99.4 1 0
github.com/openshift/oadp-operator/controllers/bsl.go:104.118,107.16 2 1
github.com/openshift/oadp-operator/controllers/bsl.go:111.2,119.12 2 1
github.com/openshift/oadp-operator/controllers/bsl.go:107.16,109.3 1 0
github.com/openshift/oadp-operator/controllers/bsl.go:122.140,125.16 2 1
github.com/openshift/oadp-operator/controllers/bsl.go:130.2,130.34 1 1
github.com/openshift/oadp-operator/controllers/bsl.go:134.2,134.44 1 1
github.com/openshift/oadp-operator/controllers/bsl.go:138.2,138.38 1 1
github.com/openshift/oadp-operator/controllers/bsl.go:144.2,144.12 1 1
github.com/openshift/oadp-operator/controllers/bsl.go:125.16,127.3 1 1
github.com/openshift/oadp-operator/controllers/bsl.go:130.34,132.3 1 1
github.com/openshift/oadp-operator/controllers/bsl.go:134.44,136.3 1 1
github.com/openshift/oadp-operator/controllers/bsl.go:138.38,140.3 1 1
github.com/openshift/oadp-operator/controllers/bsl.go:147.142,150.16 2 1
github.com/openshift/oadp-operator/controllers/bsl.go:155.2,155.34 1 1
github.com/openshift/oadp-operator/controllers/bsl.go:159.2,159.44 1 1
github.com/openshift/oadp-operator/controllers/bsl.go:163.2,163.45 1 1
github.com/openshift/oadp-operator/controllers/bsl.go:167.2,167.46 1 1
github.com/openshift/oadp-operator/controllers/bsl.go:171.2,171.12 1 1
github.com/openshift/oadp-operator/controllers/bsl.go:150.16,152.3 1 0
github.com/openshift/oadp-operator/controllers/bsl.go:155.34,157.3 1 0
github.com/openshift/oadp-operator/controllers/bsl.go:159.44,161.3 1 0
github.com/openshift/oadp-operator/controllers/bsl.go:163.45,165.3 1 1
github.com/openshift/oadp-operator/controllers/bsl.go:167.46,169.3 1 1
github.com/openshift/oadp-operator/controllers/bsl.go:174.140,177.16 2 1
github.com/openshift/oadp-operator/controllers/bsl.go:182.2,182.34 1 1
github.com/openshift/oadp-operator/controllers/bsl.go:186.2,186.44 1 1
github.com/openshift/oadp-operator/controllers/bsl.go:190.2,190.12 1 1
github.com/openshift/oadp-operator/controllers/bsl.go:177.16,179.3 1 0
github.com/openshift/oadp-operator/controllers/bsl.go:182.34,184.3 1 0
github.com/openshift/oadp-operator/controllers/bsl.go:186.44,188.3 1 1
github.com/openshift/oadp-operator/controllers/bsl.go:193.125,194.43 1 1
github.com/openshift/oadp-operator/controllers/bsl.go:199.2,199.14 1 1
github.com/openshift/oadp-operator/controllers/bsl.go:194.43,195.31 1 0
github.com/openshift/oadp-operator/controllers/bsl.go:195.31,197.4 1 0
github.com/openshift/oadp-operator/controllers/bsl.go:202.182,204.79 1 1
github.com/openshift/oadp-operator/controllers/bsl.go:208.2,212.16 3 1
github.com/openshift/oadp-operator/controllers/bsl.go:216.2,216.12 1 1
github.com/openshift/oadp-operator/controllers/bsl.go:204.79,207.3 1 1
github.com/openshift/oadp-operator/controllers/bsl.go:212.16,215.3 2 1
github.com/openshift/oadp-operator/controllers/predicate.go:11.66,14.46 1 0
github.com/openshift/oadp-operator/controllers/predicate.go:14.46,15.66 1 0
github.com/openshift/oadp-operator/controllers/predicate.go:18.4,18.44 1 0
github.com/openshift/oadp-operator/controllers/predicate.go:15.66,17.5 1 0
github.com/openshift/oadp-operator/controllers/predicate.go:21.46,23.4 1 0
github.com/openshift/oadp-operator/controllers/predicate.go:25.46,27.4 1 0
github.com/openshift/oadp-operator/controllers/predicate.go:34.70,36.16 2 0
github.com/openshift/oadp-operator/controllers/predicate.go:39.2,39.23 1 0
github.com/openshift/oadp-operator/controllers/predicate.go:42.2,43.120 2 0
github.com/openshift/oadp-operator/controllers/predicate.go:46.2,46.60 1 0
github.com/openshift/oadp-operator/controllers/predicate.go:36.16,38.3 1 0
github.com/openshift/oadp-operator/controllers/predicate.go:39.23,41.3 1 0
github.com/openshift/oadp-operator/controllers/predicate.go:43.120,45.3 1 0
github.com/openshift/oadp-operator/controllers/registry.go:136.79,138.68 2 0
github.com/openshift/oadp-operator/controllers/registry.go:142.2,151.86 4 0
github.com/openshift/oadp-operator/controllers/registry.go:156.2,156.54 1 0
github.com/openshift/oadp-operator/controllers/registry.go:201.2,201.18 1 0
github.com/openshift/oadp-operator/controllers/registry.go:138.68,140.3 1 0
github.com/openshift/oadp-operator/controllers/registry.go:151.86,153.3 1 0
github.com/openshift/oadp-operator/controllers/registry.go:156.54,164.98 2 0
github.com/openshift/oadp-operator/controllers/registry.go:184.3,184.17 1 0
github.com/openshift/oadp-operator/controllers/registry.go:190.3,190.97 1 0
github.com/openshift/oadp-operator/controllers/registry.go:164.98,167.64 1 0
github.com/openshift/oadp-operator/controllers/registry.go:175.4,176.18 2 0
github.com/openshift/oadp-operator/controllers/registry.go:180.4,181.14 2 0
github.com/openshift/oadp-operator/controllers/registry.go:167.64,173.5 1 0
github.com/openshift/oadp-operator/controllers/registry.go:176.18,178.5 1 0
github.com/openshift/oadp-operator/controllers/registry.go:184.17,186.4 1 0
github.com/openshift/oadp-operator/controllers/registry.go:190.97,197.4 1 0
github.com/openshift/oadp-operator/controllers/registry.go:205.134,209.16 2 1
github.com/openshift/oadp-operator/controllers/registry.go:213.2,230.12 3 1
github.com/openshift/oadp-operator/controllers/registry.go:209.16,211.3 1 0
github.com/openshift/oadp-operator/controllers/registry.go:233.104,241.2 2 1
github.com/openshift/oadp-operator/controllers/registry.go:243.63,245.2 1 1
github.com/openshift/oadp-operator/controllers/registry.go:247.116,249.16 2 1
github.com/openshift/oadp-operator/controllers/registry.go:253.2,289.24 2 1
github.com/openshift/oadp-operator/controllers/registry.go:249.16,252.3 2 0
github.com/openshift/oadp-operator/controllers/registry.go:292.109,296.18 4 1
github.com/openshift/oadp-operator/controllers/registry.go:306.2,306.16 1 1
github.com/openshift/oadp-operator/controllers/registry.go:309.2,309.20 1 1
github.com/openshift/oadp-operator/controllers/registry.go:297.19,298.82 1 1
github.com/openshift/oadp-operator/controllers/registry.go:300.21,301.81 1 0
github.com/openshift/oadp-operator/controllers/registry.go:303.19,304.77 1 0
github.com/openshift/oadp-operator/controllers/registry.go:306.16,308.3 1 0
github.com/openshift/oadp-operator/controllers/registry.go:312.140,318.16 3 1
github.com/openshift/oadp-operator/controllers/registry.go:324.2,325.16 2 1
github.com/openshift/oadp-operator/controllers/registry.go:330.2,330.28 1 1
github.com/openshift/oadp-operator/controllers/registry.go:360.2,360.24 1 1
github.com/openshift/oadp-operator/controllers/registry.go:318.16,321.3 2 0
github.com/openshift/oadp-operator/controllers/registry.go:325.16,328.3 2 0
github.com/openshift/oadp-operator/controllers/registry.go:330.28,332.64 1 1
github.com/openshift/oadp-operator/controllers/registry.go:336.3,336.61 1 1
github.com/openshift/oadp-operator/controllers/registry.go:340.3,340.61 1 1
github.com/openshift/oadp-operator/controllers/registry.go:344.3,344.64 1 1
github.com/openshift/oadp-operator/controllers/registry.go:348.3,348.101 1 1
github.com/openshift/oadp-operator/controllers/registry.go:352.3,352.108 1 1
github.com/openshift/oadp-operator/controllers/registry.go:356.3,356.113 1 1
github.com/openshift/oadp-operator/controllers/registry.go:332.64,334.4 1 1
github.com/openshift/oadp-operator/controllers/registry.go:336.61,338.4 1 1
github.com/openshift/oadp-operator/controllers/registry.go:340.61,342.4 1 1
github.com/openshift/oadp-operator/controllers/registry.go:344.64,346.4 1 1
github.com/openshift/oadp-operator/controllers/registry.go:348.101,350.4 1 1
github.com/openshift/oadp-operator/controllers/registry.go:352.108,354.4 1 1
github.com/openshift/oadp-operator/controllers/registry.go:356.113,358.4 1 1
github.com/openshift/oadp-operator/controllers/registry.go:363.135,364.30 1 1
github.com/openshift/oadp-operator/controllers/registry.go:377.2,377.21 1 1
github.com/openshift/oadp-operator/controllers/registry.go:364.30,365.69 1 1
github.com/openshift/oadp-operator/controllers/registry.go:369.3,369.71 1 1
github.com/openshift/oadp-operator/controllers/registry.go:373.3,373.70 1 1
github.com/openshift/oadp-operator/controllers/registry.go:365.69,367.4 1 1
github.com/openshift/oadp-operator/controllers/registry.go:369.71,371.4 1 1
github.com/openshift/oadp-operator/controllers/registry.go:373.70,375.4 1 1
github.com/openshift/oadp-operator/controllers/registry.go:380.131,381.28 1 1
github.com/openshift/oadp-operator/controllers/registry.go:393.2,393.19 1 1
github.com/openshift/oadp-operator/controllers/registry.go:381.28,382.53 1 1
github.com/openshift/oadp-operator/controllers/registry.go:386.3,386.54 1 1
github.com/openshift/oadp-operator/controllers/registry.go:389.3,389.100 1 1
github.com/openshift/oadp-operator/controllers/registry.go:382.53,384.4 1 1
github.com/openshift/oadp-operator/controllers/registry.go:386.54,388.4 1 1
github.com/openshift/oadp-operator/controllers/registry.go:389.100,391.4 1 1
github.com/openshift/oadp-operator/controllers/registry.go:396.88,405.16 4 1
github.com/openshift/oadp-operator/controllers/registry.go:409.2,409.20 1 1
github.com/openshift/oadp-operator/controllers/registry.go:405.16,407.3 1 1
github.com/openshift/oadp-operator/controllers/registry.go:412.138,418.23 3 1
github.com/openshift/oadp-operator/controllers/registry.go:427.2,427.30 1 1
github.com/openshift/oadp-operator/controllers/registry.go:418.23,419.31 1 1
github.com/openshift/oadp-operator/controllers/registry.go:422.3,422.30 1 1
github.com/openshift/oadp-operator/controllers/registry.go:419.31,421.4 1 1
github.com/openshift/oadp-operator/controllers/registry.go:422.30,424.4 1 0
github.com/openshift/oadp-operator/controllers/registry.go:430.107,435.35 3 1
github.com/openshift/oadp-operator/controllers/registry.go:472.2,472.40 1 1
github.com/openshift/oadp-operator/controllers/registry.go:435.35,439.17 2 1
github.com/openshift/oadp-operator/controllers/registry.go:444.3,444.23 1 1
github.com/openshift/oadp-operator/controllers/registry.go:455.3,456.17 2 1
github.com/openshift/oadp-operator/controllers/registry.go:461.3,461.23 1 1
github.com/openshift/oadp-operator/controllers/registry.go:439.17,442.4 2 0
github.com/openshift/oadp-operator/controllers/registry.go:444.23,447.27 3 1
github.com/openshift/oadp-operator/controllers/registry.go:451.4,451.31 1 1
github.com/openshift/oadp-operator/controllers/registry.go:447.27,450.5 2 0
github.com/openshift/oadp-operator/controllers/registry.go:456.17,459.4 2 0
github.com/openshift/oadp-operator/controllers/registry.go:461.23,464.27 3 1
github.com/openshift/oadp-operator/controllers/registry.go:468.4,468.31 1 1
github.com/openshift/oadp-operator/controllers/registry.go:464.27,467.5 2 0
github.com/openshift/oadp-operator/controllers/restic.go:37.35,39.15 2 1
github.com/openshift/oadp-operator/controllers/restic.go:42.2,42.12 1 0
github.com/openshift/oadp-operator/controllers/restic.go:39.15,41.3 1 1
github.com/openshift/oadp-operator/controllers/restic.go:45.65,50.2 1 1
github.com/openshift/oadp-operator/controllers/restic.go:52.84,54.68 2 0
github.com/openshift/oadp-operator/controllers/restic.go:59.2,62.67 2 0
github.com/openshift/oadp-operator/controllers/restic.go:87.2,87.81 1 0
github.com/openshift/oadp-operator/controllers/restic.go:108.2,108.16 1 0
github.com/openshift/oadp-operator/controllers/restic.go:112.2,112.96 1 0
github.com/openshift/oadp-operator/controllers/restic.go:121.2,121.18 1 0
github.com/openshift/oadp-operator/controllers/restic.go:54.68,56.3 1 0
github.com/openshift/oadp-operator/controllers/restic.go:62.67,67.22 2 0
github.com/openshift/oadp-operator/controllers/restic.go:76.3,77.131 2 0
github.com/openshift/oadp-operator/controllers/restic.go:82.3,84.19 2 0
github.com/openshift/oadp-operator/controllers/restic.go:67.22,68.30 1 0
github.com/openshift/oadp-operator/controllers/restic.go:71.4,71.21 1 0
github.com/openshift/oadp-operator/controllers/restic.go:68.30,70.5 1 0
github.com/openshift/oadp-operator/controllers/restic.go:77.131,81.4 2 0
github.com/openshift/oadp-operator/controllers/restic.go:87.81,90.47 1 0
github.com/openshift/oadp-operator/controllers/restic.go:98.3,98.86 1 0
github.com/openshift/oadp-operator/controllers/restic.go:102.3,102.64 1 0
github.com/openshift/oadp-operator/controllers/restic.go:105.3,105.13 1 0
github.com/openshift/oadp-operator/controllers/restic.go:90.47,96.4 1 0
github.com/openshift/oadp-operator/controllers/restic.go:98.86,100.4 1 0
github.com/openshift/oadp-operator/controllers/restic.go:102.64,104.4 1 0
github.com/openshift/oadp-operator/controllers/restic.go:108.16,110.3 1 0
github.com/openshift/oadp-operator/controllers/restic.go:112.96,119.3 1 0
github.com/openshift/oadp-operator/controllers/restic.go:130.127,131.19 1 1
github.com/openshift/oadp-operator/controllers/restic.go:134.2,134.15 1 1
github.com/openshift/oadp-operator/controllers/restic.go:137.2,256.75 2 1
github.com/openshift/oadp-operator/controllers/restic.go:259.2,259.16 1 1
github.com/openshift/oadp-operator/controllers/restic.go:131.19,133.3 1 1
github.com/openshift/oadp-operator/controllers/restic.go:134.15,136.3 1 1
github.com/openshift/oadp-operator/controllers/restic.go:256.75,258.3 1 0
github.com/openshift/oadp-operator/controllers/restic.go:262.30,264.2 1 1
github.com/openshift/oadp-operator/controllers/restic.go:266.94,268.68 2 0
github.com/openshift/oadp-operator/controllers/restic.go:272.2,279.101 2 0
github.com/openshift/oadp-operator/controllers/restic.go:286.2,286.16 1 0
github.com/openshift/oadp-operator/controllers/restic.go:292.2,292.96 1 0
github.com/openshift/oadp-operator/controllers/restic.go:300.2,300.18 1 0
github.com/openshift/oadp-operator/controllers/restic.go:268.68,270.3 1 0
github.com/openshift/oadp-operator/controllers/restic.go:279.101,284.3 2 0
github.com/openshift/oadp-operator/controllers/restic.go:286.16,288.3 1 0
github.com/openshift/oadp-operator/controllers/restic.go:292.96,299.3 1 0
github.com/openshift/oadp-operator/controllers/restic.go:303.132,307.16 2 1
github.com/openshift/oadp-operator/controllers/restic.go:311.2,320.12 3 1
github.com/openshift/oadp-operator/controllers/restic.go:307.16,309.3 1 0
